[13/Sep/2022 14:49:40 Europe/Dublin] [Info] ############################################################
[13/Sep/2022 14:49:40 Europe/Dublin] [Info] # Output Factory initiated (html5)
[13/Sep/2022 14:49:40 Europe/Dublin] [Info] # Building output for: FA Documentation for Q3
[13/Sep/2022 14:49:40 Europe/Dublin] [Info] # URL /document/edit/176044
[13/Sep/2022 14:49:40 Europe/Dublin] [Info] # User: Vera Ponomareva
[13/Sep/2022 14:49:40 Europe/Dublin] [Info] # Time: Tue, 13 Sep 2022 14:49:40 +0100
[13/Sep/2022 14:49:40 Europe/Dublin] [Info] # Server: amsterdam
[13/Sep/2022 14:49:40 Europe/Dublin] [Info] ############################################################
[13/Sep/2022 14:49:40 Europe/Dublin] [Info] Group: custom
[13/Sep/2022 14:49:40 Europe/Dublin] [Info] Type: html5
[13/Sep/2022 14:49:40 Europe/Dublin] [Info] Transformation: /var/www/ccms/usr/fasolutions/xsl/custom/layout-84706.xsl
[13/Sep/2022 14:49:41 Europe/Dublin] [Info] File found: /var/www/ccms/usr/fasolutions/xsl/custom/layout-84706.xsl
[13/Sep/2022 14:49:41 Europe/Dublin] [Info] ############################################################
[13/Sep/2022 14:49:41 Europe/Dublin] [Info] Building output for: html5
[13/Sep/2022 14:49:41 Europe/Dublin] [Info] Using stylesheet: /var/www/ccms/usr/fasolutions/xsl/custom/layout-84706.xsl
[13/Sep/2022 14:49:41 Europe/Dublin] [Info] Parameters for this build: (array) []
[13/Sep/2022 14:49:41 Europe/Dublin] [Info] Environment variables for this build: (array) {"image.size":"1","use.algolia.search":"1","taxonomies.propagate":"1","taxonomies.relationship":"See also links"}
[13/Sep/2022 14:49:41 Europe/Dublin] [Info] Building output for languages: (array) ["en"]
[13/Sep/2022 14:49:41 Europe/Dublin] [Info] Building multilang: no
[13/Sep/2022 14:49:41 Europe/Dublin] [Info] Building preview: no
[13/Sep/2022 14:49:41 Europe/Dublin] [Info] ############################################################
[13/Sep/2022 14:49:41 Europe/Dublin] [Info] Using build directory: /paligo/tmp/fasolutions/production-63208a73945bc4.93035283/176044-FA_Documentation_for_Q3-html5
[13/Sep/2022 14:49:42 Europe/Dublin] [Info] -- Generating source files
[13/Sep/2022 14:49:42 Europe/Dublin] [Info] -- Propagating taxonomies: true
[13/Sep/2022 14:49:42 Europe/Dublin] [Info] -- Source files have been generated
[13/Sep/2022 14:49:42 Europe/Dublin] [Info] -- Publication has no unresolved dependencies.
[13/Sep/2022 14:49:42 Europe/Dublin] [Info] -- Generating source files complete.
[13/Sep/2022 14:49:43 Europe/Dublin] [Info] Localizing: publication-176044.xml
[13/Sep/2022 14:49:43 Europe/Dublin] [Info] Language: en
[13/Sep/2022 14:49:43 Europe/Dublin] [Warning] Resolving some links failed
[13/Sep/2022 14:49:43 Europe/Dublin] [Info] [/*/*[2]/*[2]/*[1]] An outgoing link in <a href="/document/edit/175057">Preferences - Portfolios</a> could not be resolved. The link points to <a href="/document/edit/78938">Portfolios</a> which is not part of this publication.
[13/Sep/2022 14:49:43 Europe/Dublin] [Info] [/*/*[2]/*[2]/*[2]] An outgoing link in <a href="/document/edit/175057">Preferences - Portfolios</a> could not be resolved. The link points to <a href="/document/edit/15455">Group view</a> which is not part of this publication.
[13/Sep/2022 14:49:43 Europe/Dublin] [Info] [/*/*[2]/*[2]/*[3]] An outgoing link in <a href="/document/edit/175057">Preferences - Portfolios</a> could not be resolved. The link points to <a href="/document/edit/15630">Model portfolio management</a> which is not part of this publication.
[13/Sep/2022 14:49:43 Europe/Dublin] [Info] [/*/*[2]/*[3]/*[2]/*] An outgoing link in <a href="/document/edit/175057">Preferences - Portfolios</a> could not be resolved. The link points to <a href="/document/edit/20401">Analytics+</a> which is not part of this publication.
[13/Sep/2022 14:49:43 Europe/Dublin] [Info] [/*/*[2]/*[4]/*[2]/*] An outgoing link in <a href="/document/edit/175057">Preferences - Portfolios</a> could not be resolved. The link points to <a href="/document/edit/15491">Limit definitions</a> which is not part of this publication.
[13/Sep/2022 14:49:43 Europe/Dublin] [Info] [/*/*[2]/*[5]/*[4]/*[2]/*[2]] An outgoing link in <a href="/document/edit/175057">Preferences - Portfolios</a> could not be resolved. The link points to <a href="/document/edit/15453">Portfolios view</a> which is not part of this publication.
[13/Sep/2022 14:49:43 Europe/Dublin] [Info] [/*/*[2]/*[5]/*[4]/*[2]/*[3]] An outgoing link in <a href="/document/edit/175057">Preferences - Portfolios</a> could not be resolved. The link points to <a href="/document/edit/15411">Custom fields for contacts, portfolios and securities</a> which is not part of this publication.
[13/Sep/2022 14:49:43 Europe/Dublin] [Info] [/*/*[3]/*[2]/*[1]] An outgoing link in <a href="/document/edit/174945">Portfolio window</a> could not be resolved. The link points to <a href="/document/edit/15378">Top menu</a> which is not part of this publication.
[13/Sep/2022 14:49:43 Europe/Dublin] [Info] [/*/*[3]/*[2]/*[3]] An outgoing link in <a href="/document/edit/174945">Portfolio window</a> could not be resolved. The link points to <a href="/document/edit/15453">Portfolios view</a> which is not part of this publication.
[13/Sep/2022 14:49:43 Europe/Dublin] [Info] [/*/*[3]/*[2]/*[4]] An outgoing link in <a href="/document/edit/174945">Portfolio window</a> could not be resolved. The link points to <a href="/document/edit/15401">Overview</a> which is not part of this publication.
[13/Sep/2022 14:49:43 Europe/Dublin] [Info] [/*/*[3]/*[4]/*[28]/*[5]] An outgoing link in <a href="/document/edit/74593">Basic info</a> could not be resolved. The link points to <a href="/document/edit/15477">Posting-based bookkeeping</a> which is not part of this publication.
[13/Sep/2022 14:49:43 Europe/Dublin] [Info] [/*/*[3]/*[4]/*[30]/*[6]] An outgoing link in <a href="/document/edit/74593">Basic info</a> could not be resolved. The link points to <a href="/document/edit/15478">Closing a portfolio</a> which is not part of this publication.
[13/Sep/2022 14:49:43 Europe/Dublin] [Info] [/*/*[3]/*[7]/*[2]/*[2]] An outgoing link in <a href="/document/edit/174945">Portfolio window</a> could not be resolved. The link points to <a href="/document/edit/15401">Overview</a> which is not part of this publication.
[13/Sep/2022 14:49:43 Europe/Dublin] [Info] [/*/*[3]/*[11]/*[3]/*[4]/*/*] An outgoing link in <a href="/document/edit/174945">Portfolio window</a> could not be resolved. The link points to <a href="/document/edit/15522">Send reports via email</a> which is not part of this publication.
[13/Sep/2022 14:49:43 Europe/Dublin] [Info] [/*/*[3]/*[11]/*[4]/*[2]/*[1]] An outgoing link in <a href="/document/edit/174945">Portfolio window</a> could not be resolved. The link points to <a href="/document/edit/15522">Send reports via email</a> which is not part of this publication.
[13/Sep/2022 14:49:43 Europe/Dublin] [Info] [/*/*[3]/*[12]/*[3]/*[3]/*[1]] An outgoing link in <a href="/document/edit/174945">Portfolio window</a> could not be resolved. The link points to <a href="/document/edit/15361">FA Back Reference</a> which is not part of this publication.
[13/Sep/2022 14:49:43 Europe/Dublin] [Info] [/*/*[3]/*[12]/*[3]/*[3]/*[2]] An outgoing link in <a href="/document/edit/174945">Portfolio window</a> could not be resolved. The link points to <a href="/document/edit/15536">Trade order execution</a> which is not part of this publication.
[13/Sep/2022 14:49:43 Europe/Dublin] [Info] [/*/*[3]/*[12]/*[3]/*[3]/*[3]] An outgoing link in <a href="/document/edit/174945">Portfolio window</a> could not be resolved. The link points to <a href="/document/edit/15579">Transaction window</a> which is not part of this publication.
[13/Sep/2022 14:49:43 Europe/Dublin] [Info] [/*/*[3]/*[12]/*[3]/*[6]/*[1]/*/*[3]] An outgoing link in <a href="/document/edit/174945">Portfolio window</a> could not be resolved. The link points to <a href="/document/edit/15553">Preferences - Fee calculation</a> which is not part of this publication.
[13/Sep/2022 14:49:43 Europe/Dublin] [Info] [/*/*[3]/*[12]/*[4]/*[2]/*[1]] An outgoing link in <a href="/document/edit/174945">Portfolio window</a> could not be resolved. The link points to <a href="/document/edit/15629">Fee calculation</a> which is not part of this publication.
[13/Sep/2022 14:49:43 Europe/Dublin] [Info] [/*/*[3]/*[12]/*[4]/*[3]/*[1]] An outgoing link in <a href="/document/edit/174945">Portfolio window</a> could not be resolved. The link points to <a href="/document/edit/15553">Preferences - Fee calculation</a> which is not part of this publication.
[13/Sep/2022 14:49:43 Europe/Dublin] [Info] [/*/*[3]/*[12]/*[4]/*[5]/*[1]/*/*[2]] An outgoing link in <a href="/document/edit/174945">Portfolio window</a> could not be resolved. The link points to <a href="/document/edit/15553">Preferences - Fee calculation</a> which is not part of this publication.
[13/Sep/2022 14:49:43 Europe/Dublin] [Info] [/*/*[3]/*[13]/*[3]/*] An outgoing link in <a href="/document/edit/174945">Portfolio window</a> could not be resolved. The link points to <a href="/document/edit/15480">Analytics</a> which is not part of this publication.
[13/Sep/2022 14:49:43 Europe/Dublin] [Info] [/*/*[3]/*[13]/*[5]/*[5]/*[4]] An outgoing link in <a href="/document/edit/174945">Portfolio window</a> could not be resolved. The link points to <a href="/document/edit/15513">Model portfolio</a> which is not part of this publication.
[13/Sep/2022 14:49:43 Europe/Dublin] [Info] [/*/*[3]/*[15]/*[3]/*] An outgoing link in <a href="/document/edit/174945">Portfolio window</a> could not be resolved. The link points to <a href="/document/edit/15514">Rebalance parameters - details</a> which is not part of this publication.
[13/Sep/2022 14:49:43 Europe/Dublin] [Info] [/*/*[3]/*[16]/*[3]/*] An outgoing link in <a href="/document/edit/174945">Portfolio window</a> could not be resolved. The link points to <a href="/document/edit/15490">Limits and limit monitoring</a> which is not part of this publication.
[13/Sep/2022 14:49:43 Europe/Dublin] [Info] [/*/*[3]/*[17]/*[2]/*[2]] An outgoing link in <a href="/document/edit/174945">Portfolio window</a> could not be resolved. The link points to <a href="/document/edit/15414">Key figures for contacts, portfolios and securities</a> which is not part of this publication.
[13/Sep/2022 14:49:43 Europe/Dublin] [Info] [/*/*[3]/*[18]/*[2]/*[2]] An outgoing link in <a href="/document/edit/174945">Portfolio window</a> could not be resolved. The link points to <a href="/document/edit/15408">Document management</a> which is not part of this publication.
[13/Sep/2022 14:49:43 Europe/Dublin] [Info] [/*/*[3]/*[20]/*[2]/*] An outgoing link in <a href="/document/edit/174945">Portfolio window</a> could not be resolved. The link points to <a href="/document/edit/83326">Manage portfolios, positions, and accounts</a> which is not part of this publication.
[13/Sep/2022 14:49:43 Europe/Dublin] [Info] Variable sets found: 0
[13/Sep/2022 14:49:44 Europe/Dublin] [Info] Inserting image links.
[13/Sep/2022 14:49:44 Europe/Dublin] [Info] Found 6 image(s).
[13/Sep/2022 14:49:44 Europe/Dublin] [Info] Found image 'preferneces_benchmark_index.png'
[13/Sep/2022 14:49:45 Europe/Dublin] [Info] Found image 'preferences_aggregate_or_group_positions.png'
[13/Sep/2022 14:49:45 Europe/Dublin] [Info] Found image 'portfolio_wIndow.png'
[13/Sep/2022 14:49:45 Europe/Dublin] [Info] Found image 'portfolio_accounts.png'
[13/Sep/2022 14:49:45 Europe/Dublin] [Info] Found image 'portfolio_benchmark.png'
[13/Sep/2022 14:49:45 Europe/Dublin] [Info] Found image 'portfolio_window_strategy.png'
[13/Sep/2022 14:49:46 Europe/Dublin] [Info] Profiling parameters: (array) []
[13/Sep/2022 14:49:46 Europe/Dublin] [Info] Profiling customisation: /var/www/ccms/usr/fasolutions/xsl/profile.xsl (not found)
[13/Sep/2022 14:49:46 Europe/Dublin] [Info] Transformation: publication-176044--en.org.xml -> publication-176044--en.xml [profile.xsl]
[13/Sep/2022 14:49:46 Europe/Dublin] [Info] Transformation: publication-176044--en.xml -> publication-176044--en.xml [internal-xref.xsl]
[13/Sep/2022 14:49:46 Europe/Dublin] [Info] Transformation: A-filelist.xml -> B-sorted.xml [IO.document.sortlang.xsl]
[13/Sep/2022 14:49:46 Europe/Dublin] [Info] Transformation: B-sorted.xml -> C-concatenated.xml [IO.document.concat.xsl]
[13/Sep/2022 14:49:46 Europe/Dublin] [Info] Transformation: B-sorted.xml -> index-en.xml [IO.document.head.xsl]
[13/Sep/2022 14:49:46 Europe/Dublin] [Info] Created copy: /var/www/ccms/usr/fasolutions/xsl/custom/layout-84706.xsl -> /var/www/ccms/usr/fasolutions/xsl/custom/63208a7aac5db.xsl
[13/Sep/2022 14:49:46 Europe/Dublin] [Info] Created symlink: /var/www/ccms/application/lib/docbook/xsl/html5/html5-2.page.xsl -> /var/www/ccms/usr/fasolutions/xsl/custom/63208a7aac5db.page.xsl
[13/Sep/2022 14:49:46 Europe/Dublin] [Info] Created symlink: /var/www/ccms/application/lib/docbook/xsl/html5/html5-2.index.xsl -> /var/www/ccms/usr/fasolutions/xsl/custom/63208a7aac5db.index.xsl
[13/Sep/2022 14:49:46 Europe/Dublin] [Info] Created symlink: /var/www/ccms/application/lib/docbook/xsl/html5/html5.toc.xsl -> /var/www/ccms/usr/fasolutions/xsl/custom/63208a7aac5db.toc.xsl
[13/Sep/2022 14:49:46 Europe/Dublin] [Info] Created symlink: /var/www/ccms/application/lib/docbook/xsl/html5/html5.page.xsl -> /var/www/ccms/usr/fasolutions/xsl/custom/63208a7aac5db.page.xsl
[13/Sep/2022 14:49:46 Europe/Dublin] [Info] Created symlink: /var/www/ccms/application/lib/docbook/xsl/html5/html5.index.xsl -> /var/www/ccms/usr/fasolutions/xsl/custom/63208a7aac5db.index.xsl
[13/Sep/2022 14:49:47 Europe/Dublin] [Info] Image copied: en/image/uuid-e75cbc8b-e3a9-7255-9cf6-4602f8e3e9ef.png
[13/Sep/2022 14:49:47 Europe/Dublin] [Info] Image copied: en/image/uuid-1efbd668-b5fa-4dcc-87d2-b0e0f25d82d1.png
[13/Sep/2022 14:49:47 Europe/Dublin] [Info] Image copied: en/image/uuid-071f32f8-149b-b29b-23d7-bef5704be57f.png
[13/Sep/2022 14:49:47 Europe/Dublin] [Info] Image copied: en/image/uuid-f273bc67-ddce-e942-237e-5a75cebbe814.png
[13/Sep/2022 14:49:47 Europe/Dublin] [Info] Image copied: en/image/uuid-fa6c03d1-ee6b-da15-fd9b-590db0658311.png
[13/Sep/2022 14:49:47 Europe/Dublin] [Info] Image copied: en/image/uuid-7b9c8cf2-923f-d236-8292-af194e9e523a.png
[13-Sep-2022 14:49:47 Europe/Dublin] Parsing manifest file: css/*, css/image/*, css/image/callouts/*, js/*, js/jquery-3/*, fonts/*
[13-Sep-2022 14:49:47 Europe/Dublin] Filename: css/*
[13-Sep-2022 14:49:47 Europe/Dublin] Source directory: /var/www/ccms/application/lib/docbook/xsl/html5
[13-Sep-2022 14:49:47 Europe/Dublin] Target directory: /paligo/tmp/fasolutions/production-63208a73945bc4.93035283/176044-FA_Documentation_for_Q3-html5/out
[13-Sep-2022 14:49:47 Europe/Dublin] Copy file 'bootstrap-3.0.2.min.css'
[13-Sep-2022 14:49:47 Europe/Dublin] Copy file 'bootstrap-theme-3.0.2.min.css'
[13-Sep-2022 14:49:47 Europe/Dublin] Copy file 'bootstrap-theme.min.css'
[13-Sep-2022 14:49:47 Europe/Dublin] Copy file 'bootstrap-theme.min.css.map'
[13-Sep-2022 14:49:47 Europe/Dublin] Copy file 'bootstrap.min.css'
[13-Sep-2022 14:49:47 Europe/Dublin] Copy file 'bootstrap.min.css.map'
[13-Sep-2022 14:49:47 Europe/Dublin] Copy file 'content-theme1.css'
[13-Sep-2022 14:49:47 Europe/Dublin] Copy file 'content-theme2.css'
[13-Sep-2022 14:49:47 Europe/Dublin] Copy file 'docbook.css'
[13-Sep-2022 14:49:47 Europe/Dublin] Copy file 'font-awesome.css'
[13-Sep-2022 14:49:47 Europe/Dublin] Copy file 'graphical-lists.css'
[13-Sep-2022 14:49:47 Europe/Dublin] Copy file 'html5.algoliasearch.css'
[13-Sep-2022 14:49:47 Europe/Dublin] Copy file 'html5.algoliasearchpage.css'
[13-Sep-2022 14:49:47 Europe/Dublin] Copy file 'mathml.css'
[13-Sep-2022 14:49:47 Europe/Dublin] Copy file 'roboto.font.css'
[13-Sep-2022 14:49:47 Europe/Dublin] Copy file 'rwd-table.min.css'
[13-Sep-2022 14:49:47 Europe/Dublin] Copy file 'sm-core-css.css'
[13-Sep-2022 14:49:47 Europe/Dublin] Copy file 'sm-simple.css'
[13-Sep-2022 14:49:47 Europe/Dublin] Copy file 'style-api-responsive.css'
[13-Sep-2022 14:49:47 Europe/Dublin] Copy file 'style-api.css'
[13-Sep-2022 14:49:47 Europe/Dublin] Copy file 'style-common.css'
[13-Sep-2022 14:49:47 Europe/Dublin] Copy file 'style-index-page.css'
[13-Sep-2022 14:49:47 Europe/Dublin] Copy file 'style-modern-tables.css'
[13-Sep-2022 14:49:47 Europe/Dublin] Copy file 'style-print.css'
[13-Sep-2022 14:49:47 Europe/Dublin] Copy file 'style-responsive.css'
[13-Sep-2022 14:49:47 Europe/Dublin] Copy file 'style-revealjs-slides.css'
[13-Sep-2022 14:49:47 Europe/Dublin] Copy file 'style-single-page.css'
[13-Sep-2022 14:49:47 Europe/Dublin] Copy file 'style.css'
[13-Sep-2022 14:49:47 Europe/Dublin] Copy file 'theme0.css'
[13-Sep-2022 14:49:47 Europe/Dublin] Copy file 'theme1-colors.css'
[13-Sep-2022 14:49:47 Europe/Dublin] Copy file 'theme1.css'
[13-Sep-2022 14:49:47 Europe/Dublin] Copy file 'theme2-colors.css'
[13-Sep-2022 14:49:47 Europe/Dublin] Copy file 'theme2.css'
[13-Sep-2022 14:49:47 Europe/Dublin] Copy file 'theme3-colors.css'
[13-Sep-2022 14:49:47 Europe/Dublin] Copy file 'theme3.css'
[13-Sep-2022 14:49:47 Europe/Dublin] Copy file 'theme3b-colors.css'
[13-Sep-2022 14:49:47 Europe/Dublin] Copy file 'theme3b.css'
[13-Sep-2022 14:49:47 Europe/Dublin] Copy file 'theme3c-colors.css'
[13-Sep-2022 14:49:47 Europe/Dublin] Copy file 'theme3c.css'
[13-Sep-2022 14:49:47 Europe/Dublin] Copy file 'theme3d-colors.css'
[13-Sep-2022 14:49:47 Europe/Dublin] Copy file 'theme3d.css'
[13-Sep-2022 14:49:47 Europe/Dublin] Copy file 'wcag.css'
[13-Sep-2022 14:49:47 Europe/Dublin] Filename: css/image/*
[13-Sep-2022 14:49:47 Europe/Dublin] Source directory: /var/www/ccms/application/lib/docbook/xsl/html5
[13-Sep-2022 14:49:47 Europe/Dublin] Target directory: /paligo/tmp/fasolutions/production-63208a73945bc4.93035283/176044-FA_Documentation_for_Q3-html5/out
[13-Sep-2022 14:49:47 Europe/Dublin] Copy file 'breadcrumb-seperator.png'
[13-Sep-2022 14:49:47 Europe/Dublin] Copy file 'caution.png'
[13-Sep-2022 14:49:47 Europe/Dublin] Copy file 'corporate-logo-blue-inverted.svg'
[13-Sep-2022 14:49:47 Europe/Dublin] Copy file 'corporate-logo-blue.svg'
[13-Sep-2022 14:49:47 Europe/Dublin] Copy file 'corporate-logo-white.png'
[13-Sep-2022 14:49:47 Europe/Dublin] Copy file 'corporate-logo-white.svg'
[13-Sep-2022 14:49:47 Europe/Dublin] Copy file 'corporate-logo.png'
[13-Sep-2022 14:49:47 Europe/Dublin] Copy file 'corporate-logo.svg'
[13-Sep-2022 14:49:47 Europe/Dublin] Copy file 'important.png'
[13-Sep-2022 14:49:47 Europe/Dublin] Copy file 'note.png'
[13-Sep-2022 14:49:47 Europe/Dublin] Copy file 'portal1-bg.jpg'
[13-Sep-2022 14:49:47 Europe/Dublin] Copy file 'portal2a-bg.jpg'
[13-Sep-2022 14:49:47 Europe/Dublin] Copy file 'portal2b-bg.jpg'
[13-Sep-2022 14:49:47 Europe/Dublin] Copy file 'portal2c-bg.jpg'
[13-Sep-2022 14:49:47 Europe/Dublin] Copy file 'subheader-bg.png'
[13-Sep-2022 14:49:47 Europe/Dublin] Copy file 'warning.png'
[13-Sep-2022 14:49:47 Europe/Dublin] Filename: css/image/callouts/*
[13-Sep-2022 14:49:47 Europe/Dublin] Source directory: /var/www/ccms/application/lib/docbook/xsl/html5
[13-Sep-2022 14:49:47 Europe/Dublin] Target directory: /paligo/tmp/fasolutions/production-63208a73945bc4.93035283/176044-FA_Documentation_for_Q3-html5/out
[13-Sep-2022 14:49:47 Europe/Dublin] Copy file '1.gif'
[13-Sep-2022 14:49:47 Europe/Dublin] Copy file '1.png'
[13-Sep-2022 14:49:47 Europe/Dublin] Copy file '1.svg'
[13-Sep-2022 14:49:47 Europe/Dublin] Copy file '10.gif'
[13-Sep-2022 14:49:47 Europe/Dublin] Copy file '10.png'
[13-Sep-2022 14:49:47 Europe/Dublin] Copy file '10.svg'
[13-Sep-2022 14:49:47 Europe/Dublin] Copy file '11.gif'
[13-Sep-2022 14:49:47 Europe/Dublin] Copy file '11.png'
[13-Sep-2022 14:49:47 Europe/Dublin] Copy file '11.svg'
[13-Sep-2022 14:49:47 Europe/Dublin] Copy file '12.gif'
[13-Sep-2022 14:49:47 Europe/Dublin] Copy file '12.png'
[13-Sep-2022 14:49:47 Europe/Dublin] Copy file '12.svg'
[13-Sep-2022 14:49:47 Europe/Dublin] Copy file '13.gif'
[13-Sep-2022 14:49:47 Europe/Dublin] Copy file '13.png'
[13-Sep-2022 14:49:47 Europe/Dublin] Copy file '13.svg'
[13-Sep-2022 14:49:47 Europe/Dublin] Copy file '14.gif'
[13-Sep-2022 14:49:47 Europe/Dublin] Copy file '14.png'
[13-Sep-2022 14:49:47 Europe/Dublin] Copy file '14.svg'
[13-Sep-2022 14:49:47 Europe/Dublin] Copy file '15.gif'
[13-Sep-2022 14:49:47 Europe/Dublin] Copy file '15.png'
[13-Sep-2022 14:49:47 Europe/Dublin] Copy file '15.svg'
[13-Sep-2022 14:49:47 Europe/Dublin] Copy file '16.svg'
[13-Sep-2022 14:49:47 Europe/Dublin] Copy file '17.svg'
[13-Sep-2022 14:49:47 Europe/Dublin] Copy file '18.svg'
[13-Sep-2022 14:49:47 Europe/Dublin] Copy file '19.svg'
[13-Sep-2022 14:49:47 Europe/Dublin] Copy file '2.gif'
[13-Sep-2022 14:49:47 Europe/Dublin] Copy file '2.png'
[13-Sep-2022 14:49:47 Europe/Dublin] Copy file '2.svg'
[13-Sep-2022 14:49:47 Europe/Dublin] Copy file '20.svg'
[13-Sep-2022 14:49:47 Europe/Dublin] Copy file '21.svg'
[13-Sep-2022 14:49:47 Europe/Dublin] Copy file '22.svg'
[13-Sep-2022 14:49:47 Europe/Dublin] Copy file '23.svg'
[13-Sep-2022 14:49:47 Europe/Dublin] Copy file '24.svg'
[13-Sep-2022 14:49:47 Europe/Dublin] Copy file '25.svg'
[13-Sep-2022 14:49:47 Europe/Dublin] Copy file '26.svg'
[13-Sep-2022 14:49:47 Europe/Dublin] Copy file '27.svg'
[13-Sep-2022 14:49:47 Europe/Dublin] Copy file '28.svg'
[13-Sep-2022 14:49:47 Europe/Dublin] Copy file '29.svg'
[13-Sep-2022 14:49:47 Europe/Dublin] Copy file '3.gif'
[13-Sep-2022 14:49:47 Europe/Dublin] Copy file '3.png'
[13-Sep-2022 14:49:47 Europe/Dublin] Copy file '3.svg'
[13-Sep-2022 14:49:47 Europe/Dublin] Copy file '30.svg'
[13-Sep-2022 14:49:47 Europe/Dublin] Copy file '4.gif'
[13-Sep-2022 14:49:47 Europe/Dublin] Copy file '4.png'
[13-Sep-2022 14:49:47 Europe/Dublin] Copy file '4.svg'
[13-Sep-2022 14:49:47 Europe/Dublin] Copy file '5.gif'
[13-Sep-2022 14:49:47 Europe/Dublin] Copy file '5.png'
[13-Sep-2022 14:49:47 Europe/Dublin] Copy file '5.svg'
[13-Sep-2022 14:49:47 Europe/Dublin] Copy file '6.gif'
[13-Sep-2022 14:49:47 Europe/Dublin] Copy file '6.png'
[13-Sep-2022 14:49:47 Europe/Dublin] Copy file '6.svg'
[13-Sep-2022 14:49:47 Europe/Dublin] Copy file '7.gif'
[13-Sep-2022 14:49:47 Europe/Dublin] Copy file '7.png'
[13-Sep-2022 14:49:47 Europe/Dublin] Copy file '7.svg'
[13-Sep-2022 14:49:47 Europe/Dublin] Copy file '8.gif'
[13-Sep-2022 14:49:47 Europe/Dublin] Copy file '8.png'
[13-Sep-2022 14:49:47 Europe/Dublin] Copy file '8.svg'
[13-Sep-2022 14:49:47 Europe/Dublin] Copy file '9.gif'
[13-Sep-2022 14:49:47 Europe/Dublin] Copy file '9.png'
[13-Sep-2022 14:49:47 Europe/Dublin] Copy file '9.svg'
[13-Sep-2022 14:49:47 Europe/Dublin] Filename: js/*
[13-Sep-2022 14:49:47 Europe/Dublin] Source directory: /var/www/ccms/application/lib/docbook/xsl/html5
[13-Sep-2022 14:49:47 Europe/Dublin] Target directory: /paligo/tmp/fasolutions/production-63208a73945bc4.93035283/176044-FA_Documentation_for_Q3-html5/out
[13-Sep-2022 14:49:47 Europe/Dublin] Copy file 'ajax-loading.js'
[13-Sep-2022 14:49:47 Europe/Dublin] Copy file 'anchorlinks.js'
[13-Sep-2022 14:49:47 Europe/Dublin] Copy file 'bootstrap.min.js'
[13-Sep-2022 14:49:47 Europe/Dublin] Copy file 'checklist.js'
[13-Sep-2022 14:49:47 Europe/Dublin] Copy file 'clipboard.min.js'
[13-Sep-2022 14:49:47 Europe/Dublin] Copy file 'cookie-consent.js'
[13-Sep-2022 14:49:47 Europe/Dublin] Copy file 'create-toc.js'
[13-Sep-2022 14:49:47 Europe/Dublin] Copy file 'csh.js'
[13-Sep-2022 14:49:47 Europe/Dublin] Copy file 'fuse.min.js'
[13-Sep-2022 14:49:47 Europe/Dublin] Copy file 'hilitor.js'
[13-Sep-2022 14:49:47 Europe/Dublin] Copy file 'html5-2-ajax-hp.js'
[13-Sep-2022 14:49:47 Europe/Dublin] Copy file 'html5-2-ajax.js'
[13-Sep-2022 14:49:47 Europe/Dublin] Copy file 'html5-2-mp-common.js'
[13-Sep-2022 14:49:47 Europe/Dublin] Copy file 'html5-2-portal.js'
[13-Sep-2022 14:49:47 Europe/Dublin] Copy file 'html5-2.js'
[13-Sep-2022 14:49:47 Europe/Dublin] Copy file 'html5.algoliasearch.js'
[13-Sep-2022 14:49:47 Europe/Dublin] Copy file 'html5.algoliasearchpage.js'
[13-Sep-2022 14:49:47 Europe/Dublin] Copy file 'html5.fuse.search.js'
[13-Sep-2022 14:49:47 Europe/Dublin] Copy file 'jquery-1.10.2.min.js'
[13-Sep-2022 14:49:47 Europe/Dublin] Copy file 'jquery-1.10.2.min.map'
[13-Sep-2022 14:49:47 Europe/Dublin] Copy file 'jquery-migrate-3.0.1.min.js'
[13-Sep-2022 14:49:47 Europe/Dublin] Copy file 'jquery-ui-1.10.3.custom.min.js'
[13-Sep-2022 14:49:47 Europe/Dublin] Copy file 'jquery.event.move.js'
[13-Sep-2022 14:49:47 Europe/Dublin] Copy file 'jquery.event.swipe.js'
[13-Sep-2022 14:49:47 Europe/Dublin] Copy file 'jquery.mark.min.js'
[13-Sep-2022 14:49:47 Europe/Dublin] Copy file 'jquery.paligocode.js'
[13-Sep-2022 14:49:47 Europe/Dublin] Copy file 'jquery.smartmenus.js'
[13-Sep-2022 14:49:47 Europe/Dublin] Copy file 'jquery.sticky.js'
[13-Sep-2022 14:49:47 Europe/Dublin] Copy file 'lunr-single-lang.js'
[13-Sep-2022 14:49:47 Europe/Dublin] Copy file 'lunr.js'
[13-Sep-2022 14:49:47 Europe/Dublin] Copy file 'materialize.min.js'
[13-Sep-2022 14:49:47 Europe/Dublin] Copy file 'mspace.js'
[13-Sep-2022 14:49:47 Europe/Dublin] Copy file 'purl.js'
[13-Sep-2022 14:49:47 Europe/Dublin] Copy file 'respond.min.js'
[13-Sep-2022 14:49:47 Europe/Dublin] Copy file 'responsive-tables.js'
[13-Sep-2022 14:49:47 Europe/Dublin] Copy file 'rwd-table.min.js'
[13-Sep-2022 14:49:47 Europe/Dublin] Copy file 'script-api.js'
[13-Sep-2022 14:49:47 Europe/Dublin] Copy file 'script-revealjs-slides.js'
[13-Sep-2022 14:49:47 Europe/Dublin] Copy file 'script.js'
[13-Sep-2022 14:49:47 Europe/Dublin] Copy file 'search.js'
[13-Sep-2022 14:49:47 Europe/Dublin] Copy file 'updateurl.js'
[13-Sep-2022 14:49:47 Europe/Dublin] Filename: js/jquery-3/*
[13-Sep-2022 14:49:47 Europe/Dublin] Source directory: /var/www/ccms/application/lib/docbook/xsl/html5
[13-Sep-2022 14:49:47 Europe/Dublin] Target directory: /paligo/tmp/fasolutions/production-63208a73945bc4.93035283/176044-FA_Documentation_for_Q3-html5/out
[13-Sep-2022 14:49:47 Europe/Dublin] Copy file 'jquery-3.4.1.min.js'
[13-Sep-2022 14:49:47 Europe/Dublin] Copy file 'jquery-3.5.1.min.js'
[13-Sep-2022 14:49:47 Europe/Dublin] Copy file 'jquery-3.6.0.min.js'
[13-Sep-2022 14:49:47 Europe/Dublin] Filename: fonts/*
[13-Sep-2022 14:49:47 Europe/Dublin] Source directory: /var/www/ccms/application/lib/docbook/xsl/html5
[13-Sep-2022 14:49:47 Europe/Dublin] Target directory: /paligo/tmp/fasolutions/production-63208a73945bc4.93035283/176044-FA_Documentation_for_Q3-html5/out
[13-Sep-2022 14:49:47 Europe/Dublin] Copy file 'FontAwesome.otf'
[13-Sep-2022 14:49:47 Europe/Dublin] Copy file 'fontawesome-webfont.eot'
[13-Sep-2022 14:49:47 Europe/Dublin] Copy file 'fontawesome-webfont.svg'
[13-Sep-2022 14:49:47 Europe/Dublin] Copy file 'fontawesome-webfont.ttf'
[13-Sep-2022 14:49:47 Europe/Dublin] Copy file 'fontawesome-webfont.woff'
[13-Sep-2022 14:49:47 Europe/Dublin] Copy file 'fontawesome-webfont.woff2'
[13-Sep-2022 14:49:47 Europe/Dublin] Copy file 'glyphicons-halflings-regular.eot'
[13-Sep-2022 14:49:47 Europe/Dublin] Copy file 'glyphicons-halflings-regular.svg'
[13-Sep-2022 14:49:47 Europe/Dublin] Copy file 'glyphicons-halflings-regular.ttf'
[13-Sep-2022 14:49:47 Europe/Dublin] Copy file 'glyphicons-halflings-regular.woff'
[13-Sep-2022 14:49:47 Europe/Dublin] Copy file 'glyphicons-halflings-regular.woff2'
[13-Sep-2022 14:49:47 Europe/Dublin] Copy file 'roboto-v20-vietnamese_latin-ext_latin_greek-ext_greek_cyrillic-ext_cyrillic-300.eot'
[13-Sep-2022 14:49:47 Europe/Dublin] Copy file 'roboto-v20-vietnamese_latin-ext_latin_greek-ext_greek_cyrillic-ext_cyrillic-300.svg'
[13-Sep-2022 14:49:47 Europe/Dublin] Copy file 'roboto-v20-vietnamese_latin-ext_latin_greek-ext_greek_cyrillic-ext_cyrillic-300.ttf'
[13-Sep-2022 14:49:47 Europe/Dublin] Copy file 'roboto-v20-vietnamese_latin-ext_latin_greek-ext_greek_cyrillic-ext_cyrillic-300.woff'
[13-Sep-2022 14:49:47 Europe/Dublin] Copy file 'roboto-v20-vietnamese_latin-ext_latin_greek-ext_greek_cyrillic-ext_cyrillic-300.woff2'
[13-Sep-2022 14:49:47 Europe/Dublin] Copy file 'roboto-v20-vietnamese_latin-ext_latin_greek-ext_greek_cyrillic-ext_cyrillic-700.eot'
[13-Sep-2022 14:49:47 Europe/Dublin] Copy file 'roboto-v20-vietnamese_latin-ext_latin_greek-ext_greek_cyrillic-ext_cyrillic-700.svg'
[13-Sep-2022 14:49:47 Europe/Dublin] Copy file 'roboto-v20-vietnamese_latin-ext_latin_greek-ext_greek_cyrillic-ext_cyrillic-700.ttf'
[13-Sep-2022 14:49:47 Europe/Dublin] Copy file 'roboto-v20-vietnamese_latin-ext_latin_greek-ext_greek_cyrillic-ext_cyrillic-700.woff'
[13-Sep-2022 14:49:47 Europe/Dublin] Copy file 'roboto-v20-vietnamese_latin-ext_latin_greek-ext_greek_cyrillic-ext_cyrillic-700.woff2'
[13-Sep-2022 14:49:47 Europe/Dublin] Copy file 'roboto-v20-vietnamese_latin-ext_latin_greek-ext_greek_cyrillic-ext_cyrillic-regular.eot'
[13-Sep-2022 14:49:47 Europe/Dublin] Copy file 'roboto-v20-vietnamese_latin-ext_latin_greek-ext_greek_cyrillic-ext_cyrillic-regular.svg'
[13-Sep-2022 14:49:47 Europe/Dublin] Copy file 'roboto-v20-vietnamese_latin-ext_latin_greek-ext_greek_cyrillic-ext_cyrillic-regular.ttf'
[13-Sep-2022 14:49:47 Europe/Dublin] Copy file 'roboto-v20-vietnamese_latin-ext_latin_greek-ext_greek_cyrillic-ext_cyrillic-regular.woff'
[13-Sep-2022 14:49:47 Europe/Dublin] Copy file 'roboto-v20-vietnamese_latin-ext_latin_greek-ext_greek_cyrillic-ext_cyrillic-regular.woff2'
[13-Sep-2022 14:49:47 Europe/Dublin] Parsing manifest file: css/*, css/image/*, css/image/callouts/*, js/*, fonts/*
[13-Sep-2022 14:49:47 Europe/Dublin] Filename: css/*
[13-Sep-2022 14:49:47 Europe/Dublin] Source directory: /var/www/ccms/application/lib/docbook/xsl/html5
[13-Sep-2022 14:49:47 Europe/Dublin] Target directory: /paligo/tmp/fasolutions/production-63208a73945bc4.93035283/176044-FA_Documentation_for_Q3-html5/out
[13-Sep-2022 14:49:47 Europe/Dublin] Copy file 'bootstrap-3.0.2.min.css'
[13-Sep-2022 14:49:47 Europe/Dublin] Copy file 'bootstrap-theme-3.0.2.min.css'
[13-Sep-2022 14:49:47 Europe/Dublin] Copy file 'bootstrap-theme.min.css'
[13-Sep-2022 14:49:47 Europe/Dublin] Copy file 'bootstrap-theme.min.css.map'
[13-Sep-2022 14:49:47 Europe/Dublin] Copy file 'bootstrap.min.css'
[13-Sep-2022 14:49:47 Europe/Dublin] Copy file 'bootstrap.min.css.map'
[13-Sep-2022 14:49:47 Europe/Dublin] Copy file 'content-theme1.css'
[13-Sep-2022 14:49:47 Europe/Dublin] Copy file 'content-theme2.css'
[13-Sep-2022 14:49:47 Europe/Dublin] Copy file 'docbook.css'
[13-Sep-2022 14:49:47 Europe/Dublin] Copy file 'font-awesome.css'
[13-Sep-2022 14:49:47 Europe/Dublin] Copy file 'graphical-lists.css'
[13-Sep-2022 14:49:47 Europe/Dublin] Copy file 'html5.algoliasearch.css'
[13-Sep-2022 14:49:47 Europe/Dublin] Copy file 'html5.algoliasearchpage.css'
[13-Sep-2022 14:49:47 Europe/Dublin] Copy file 'mathml.css'
[13-Sep-2022 14:49:47 Europe/Dublin] Copy file 'roboto.font.css'
[13-Sep-2022 14:49:47 Europe/Dublin] Copy file 'rwd-table.min.css'
[13-Sep-2022 14:49:47 Europe/Dublin] Copy file 'sm-core-css.css'
[13-Sep-2022 14:49:47 Europe/Dublin] Copy file 'sm-simple.css'
[13-Sep-2022 14:49:47 Europe/Dublin] Copy file 'style-api-responsive.css'
[13-Sep-2022 14:49:47 Europe/Dublin] Copy file 'style-api.css'
[13-Sep-2022 14:49:47 Europe/Dublin] Copy file 'style-common.css'
[13-Sep-2022 14:49:47 Europe/Dublin] Copy file 'style-index-page.css'
[13-Sep-2022 14:49:47 Europe/Dublin] Copy file 'style-modern-tables.css'
[13-Sep-2022 14:49:47 Europe/Dublin] Copy file 'style-print.css'
[13-Sep-2022 14:49:47 Europe/Dublin] Copy file 'style-responsive.css'
[13-Sep-2022 14:49:47 Europe/Dublin] Copy file 'style-revealjs-slides.css'
[13-Sep-2022 14:49:47 Europe/Dublin] Copy file 'style-single-page.css'
[13-Sep-2022 14:49:47 Europe/Dublin] Copy file 'style.css'
[13-Sep-2022 14:49:47 Europe/Dublin] Copy file 'theme0.css'
[13-Sep-2022 14:49:47 Europe/Dublin] Copy file 'theme1-colors.css'
[13-Sep-2022 14:49:47 Europe/Dublin] Copy file 'theme1.css'
[13-Sep-2022 14:49:47 Europe/Dublin] Copy file 'theme2-colors.css'
[13-Sep-2022 14:49:47 Europe/Dublin] Copy file 'theme2.css'
[13-Sep-2022 14:49:47 Europe/Dublin] Copy file 'theme3-colors.css'
[13-Sep-2022 14:49:47 Europe/Dublin] Copy file 'theme3.css'
[13-Sep-2022 14:49:47 Europe/Dublin] Copy file 'theme3b-colors.css'
[13-Sep-2022 14:49:47 Europe/Dublin] Copy file 'theme3b.css'
[13-Sep-2022 14:49:47 Europe/Dublin] Copy file 'theme3c-colors.css'
[13-Sep-2022 14:49:47 Europe/Dublin] Copy file 'theme3c.css'
[13-Sep-2022 14:49:47 Europe/Dublin] Copy file 'theme3d-colors.css'
[13-Sep-2022 14:49:47 Europe/Dublin] Copy file 'theme3d.css'
[13-Sep-2022 14:49:47 Europe/Dublin] Copy file 'wcag.css'
[13-Sep-2022 14:49:47 Europe/Dublin] Filename: css/image/*
[13-Sep-2022 14:49:47 Europe/Dublin] Source directory: /var/www/ccms/application/lib/docbook/xsl/html5
[13-Sep-2022 14:49:47 Europe/Dublin] Target directory: /paligo/tmp/fasolutions/production-63208a73945bc4.93035283/176044-FA_Documentation_for_Q3-html5/out
[13-Sep-2022 14:49:47 Europe/Dublin] Copy file 'breadcrumb-seperator.png'
[13-Sep-2022 14:49:47 Europe/Dublin] Copy file 'caution.png'
[13-Sep-2022 14:49:47 Europe/Dublin] Copy file 'corporate-logo-blue-inverted.svg'
[13-Sep-2022 14:49:47 Europe/Dublin] Copy file 'corporate-logo-blue.svg'
[13-Sep-2022 14:49:47 Europe/Dublin] Copy file 'corporate-logo-white.png'
[13-Sep-2022 14:49:47 Europe/Dublin] Copy file 'corporate-logo-white.svg'
[13-Sep-2022 14:49:47 Europe/Dublin] Copy file 'corporate-logo.png'
[13-Sep-2022 14:49:47 Europe/Dublin] Copy file 'corporate-logo.svg'
[13-Sep-2022 14:49:47 Europe/Dublin] Copy file 'important.png'
[13-Sep-2022 14:49:47 Europe/Dublin] Copy file 'note.png'
[13-Sep-2022 14:49:47 Europe/Dublin] Copy file 'portal1-bg.jpg'
[13-Sep-2022 14:49:47 Europe/Dublin] Copy file 'portal2a-bg.jpg'
[13-Sep-2022 14:49:47 Europe/Dublin] Copy file 'portal2b-bg.jpg'
[13-Sep-2022 14:49:47 Europe/Dublin] Copy file 'portal2c-bg.jpg'
[13-Sep-2022 14:49:47 Europe/Dublin] Copy file 'subheader-bg.png'
[13-Sep-2022 14:49:47 Europe/Dublin] Copy file 'warning.png'
[13-Sep-2022 14:49:47 Europe/Dublin] Filename: css/image/callouts/*
[13-Sep-2022 14:49:47 Europe/Dublin] Source directory: /var/www/ccms/application/lib/docbook/xsl/html5
[13-Sep-2022 14:49:47 Europe/Dublin] Target directory: /paligo/tmp/fasolutions/production-63208a73945bc4.93035283/176044-FA_Documentation_for_Q3-html5/out
[13-Sep-2022 14:49:47 Europe/Dublin] Copy file '1.gif'
[13-Sep-2022 14:49:47 Europe/Dublin] Copy file '1.png'
[13-Sep-2022 14:49:47 Europe/Dublin] Copy file '1.svg'
[13-Sep-2022 14:49:47 Europe/Dublin] Copy file '10.gif'
[13-Sep-2022 14:49:47 Europe/Dublin] Copy file '10.png'
[13-Sep-2022 14:49:47 Europe/Dublin] Copy file '10.svg'
[13-Sep-2022 14:49:47 Europe/Dublin] Copy file '11.gif'
[13-Sep-2022 14:49:47 Europe/Dublin] Copy file '11.png'
[13-Sep-2022 14:49:47 Europe/Dublin] Copy file '11.svg'
[13-Sep-2022 14:49:47 Europe/Dublin] Copy file '12.gif'
[13-Sep-2022 14:49:47 Europe/Dublin] Copy file '12.png'
[13-Sep-2022 14:49:47 Europe/Dublin] Copy file '12.svg'
[13-Sep-2022 14:49:47 Europe/Dublin] Copy file '13.gif'
[13-Sep-2022 14:49:47 Europe/Dublin] Copy file '13.png'
[13-Sep-2022 14:49:47 Europe/Dublin] Copy file '13.svg'
[13-Sep-2022 14:49:47 Europe/Dublin] Copy file '14.gif'
[13-Sep-2022 14:49:47 Europe/Dublin] Copy file '14.png'
[13-Sep-2022 14:49:47 Europe/Dublin] Copy file '14.svg'
[13-Sep-2022 14:49:47 Europe/Dublin] Copy file '15.gif'
[13-Sep-2022 14:49:47 Europe/Dublin] Copy file '15.png'
[13-Sep-2022 14:49:47 Europe/Dublin] Copy file '15.svg'
[13-Sep-2022 14:49:47 Europe/Dublin] Copy file '16.svg'
[13-Sep-2022 14:49:47 Europe/Dublin] Copy file '17.svg'
[13-Sep-2022 14:49:47 Europe/Dublin] Copy file '18.svg'
[13-Sep-2022 14:49:47 Europe/Dublin] Copy file '19.svg'
[13-Sep-2022 14:49:47 Europe/Dublin] Copy file '2.gif'
[13-Sep-2022 14:49:47 Europe/Dublin] Copy file '2.png'
[13-Sep-2022 14:49:47 Europe/Dublin] Copy file '2.svg'
[13-Sep-2022 14:49:47 Europe/Dublin] Copy file '20.svg'
[13-Sep-2022 14:49:47 Europe/Dublin] Copy file '21.svg'
[13-Sep-2022 14:49:47 Europe/Dublin] Copy file '22.svg'
[13-Sep-2022 14:49:47 Europe/Dublin] Copy file '23.svg'
[13-Sep-2022 14:49:47 Europe/Dublin] Copy file '24.svg'
[13-Sep-2022 14:49:47 Europe/Dublin] Copy file '25.svg'
[13-Sep-2022 14:49:47 Europe/Dublin] Copy file '26.svg'
[13-Sep-2022 14:49:47 Europe/Dublin] Copy file '27.svg'
[13-Sep-2022 14:49:47 Europe/Dublin] Copy file '28.svg'
[13-Sep-2022 14:49:47 Europe/Dublin] Copy file '29.svg'
[13-Sep-2022 14:49:47 Europe/Dublin] Copy file '3.gif'
[13-Sep-2022 14:49:47 Europe/Dublin] Copy file '3.png'
[13-Sep-2022 14:49:47 Europe/Dublin] Copy file '3.svg'
[13-Sep-2022 14:49:47 Europe/Dublin] Copy file '30.svg'
[13-Sep-2022 14:49:47 Europe/Dublin] Copy file '4.gif'
[13-Sep-2022 14:49:47 Europe/Dublin] Copy file '4.png'
[13-Sep-2022 14:49:47 Europe/Dublin] Copy file '4.svg'
[13-Sep-2022 14:49:47 Europe/Dublin] Copy file '5.gif'
[13-Sep-2022 14:49:47 Europe/Dublin] Copy file '5.png'
[13-Sep-2022 14:49:47 Europe/Dublin] Copy file '5.svg'
[13-Sep-2022 14:49:47 Europe/Dublin] Copy file '6.gif'
[13-Sep-2022 14:49:47 Europe/Dublin] Copy file '6.png'
[13-Sep-2022 14:49:47 Europe/Dublin] Copy file '6.svg'
[13-Sep-2022 14:49:47 Europe/Dublin] Copy file '7.gif'
[13-Sep-2022 14:49:47 Europe/Dublin] Copy file '7.png'
[13-Sep-2022 14:49:47 Europe/Dublin] Copy file '7.svg'
[13-Sep-2022 14:49:47 Europe/Dublin] Copy file '8.gif'
[13-Sep-2022 14:49:47 Europe/Dublin] Copy file '8.png'
[13-Sep-2022 14:49:47 Europe/Dublin] Copy file '8.svg'
[13-Sep-2022 14:49:47 Europe/Dublin] Copy file '9.gif'
[13-Sep-2022 14:49:47 Europe/Dublin] Copy file '9.png'
[13-Sep-2022 14:49:47 Europe/Dublin] Copy file '9.svg'
[13-Sep-2022 14:49:47 Europe/Dublin] Filename: js/*
[13-Sep-2022 14:49:47 Europe/Dublin] Source directory: /var/www/ccms/application/lib/docbook/xsl/html5
[13-Sep-2022 14:49:47 Europe/Dublin] Target directory: /paligo/tmp/fasolutions/production-63208a73945bc4.93035283/176044-FA_Documentation_for_Q3-html5/out
[13-Sep-2022 14:49:47 Europe/Dublin] Copy file 'ajax-loading.js'
[13-Sep-2022 14:49:47 Europe/Dublin] Copy file 'anchorlinks.js'
[13-Sep-2022 14:49:47 Europe/Dublin] Copy file 'bootstrap.min.js'
[13-Sep-2022 14:49:47 Europe/Dublin] Copy file 'checklist.js'
[13-Sep-2022 14:49:47 Europe/Dublin] Copy file 'clipboard.min.js'
[13-Sep-2022 14:49:47 Europe/Dublin] Copy file 'cookie-consent.js'
[13-Sep-2022 14:49:47 Europe/Dublin] Copy file 'create-toc.js'
[13-Sep-2022 14:49:47 Europe/Dublin] Copy file 'csh.js'
[13-Sep-2022 14:49:47 Europe/Dublin] Copy file 'fuse.min.js'
[13-Sep-2022 14:49:47 Europe/Dublin] Copy file 'hilitor.js'
[13-Sep-2022 14:49:47 Europe/Dublin] Copy file 'html5-2-ajax-hp.js'
[13-Sep-2022 14:49:47 Europe/Dublin] Copy file 'html5-2-ajax.js'
[13-Sep-2022 14:49:47 Europe/Dublin] Copy file 'html5-2-mp-common.js'
[13-Sep-2022 14:49:47 Europe/Dublin] Copy file 'html5-2-portal.js'
[13-Sep-2022 14:49:47 Europe/Dublin] Copy file 'html5-2.js'
[13-Sep-2022 14:49:47 Europe/Dublin] Copy file 'html5.algoliasearch.js'
[13-Sep-2022 14:49:47 Europe/Dublin] Copy file 'html5.algoliasearchpage.js'
[13-Sep-2022 14:49:47 Europe/Dublin] Copy file 'html5.fuse.search.js'
[13-Sep-2022 14:49:47 Europe/Dublin] Copy file 'jquery-1.10.2.min.js'
[13-Sep-2022 14:49:47 Europe/Dublin] Copy file 'jquery-1.10.2.min.map'
[13-Sep-2022 14:49:47 Europe/Dublin] Copy file 'jquery-migrate-3.0.1.min.js'
[13-Sep-2022 14:49:47 Europe/Dublin] Copy file 'jquery-ui-1.10.3.custom.min.js'
[13-Sep-2022 14:49:47 Europe/Dublin] Copy file 'jquery.event.move.js'
[13-Sep-2022 14:49:47 Europe/Dublin] Copy file 'jquery.event.swipe.js'
[13-Sep-2022 14:49:47 Europe/Dublin] Copy file 'jquery.mark.min.js'
[13-Sep-2022 14:49:47 Europe/Dublin] Copy file 'jquery.paligocode.js'
[13-Sep-2022 14:49:47 Europe/Dublin] Copy file 'jquery.smartmenus.js'
[13-Sep-2022 14:49:47 Europe/Dublin] Copy file 'jquery.sticky.js'
[13-Sep-2022 14:49:47 Europe/Dublin] Copy file 'lunr-single-lang.js'
[13-Sep-2022 14:49:47 Europe/Dublin] Copy file 'lunr.js'
[13-Sep-2022 14:49:47 Europe/Dublin] Copy file 'materialize.min.js'
[13-Sep-2022 14:49:47 Europe/Dublin] Copy file 'mspace.js'
[13-Sep-2022 14:49:47 Europe/Dublin] Copy file 'purl.js'
[13-Sep-2022 14:49:47 Europe/Dublin] Copy file 'respond.min.js'
[13-Sep-2022 14:49:47 Europe/Dublin] Copy file 'responsive-tables.js'
[13-Sep-2022 14:49:47 Europe/Dublin] Copy file 'rwd-table.min.js'
[13-Sep-2022 14:49:47 Europe/Dublin] Copy file 'script-api.js'
[13-Sep-2022 14:49:47 Europe/Dublin] Copy file 'script-revealjs-slides.js'
[13-Sep-2022 14:49:47 Europe/Dublin] Copy file 'script.js'
[13-Sep-2022 14:49:47 Europe/Dublin] Copy file 'search.js'
[13-Sep-2022 14:49:47 Europe/Dublin] Copy file 'updateurl.js'
[13-Sep-2022 14:49:47 Europe/Dublin] Filename: fonts/*
[13-Sep-2022 14:49:47 Europe/Dublin] Source directory: /var/www/ccms/application/lib/docbook/xsl/html5
[13-Sep-2022 14:49:47 Europe/Dublin] Target directory: /paligo/tmp/fasolutions/production-63208a73945bc4.93035283/176044-FA_Documentation_for_Q3-html5/out
[13-Sep-2022 14:49:47 Europe/Dublin] Copy file 'FontAwesome.otf'
[13-Sep-2022 14:49:47 Europe/Dublin] Copy file 'fontawesome-webfont.eot'
[13-Sep-2022 14:49:47 Europe/Dublin] Copy file 'fontawesome-webfont.svg'
[13-Sep-2022 14:49:47 Europe/Dublin] Copy file 'fontawesome-webfont.ttf'
[13-Sep-2022 14:49:47 Europe/Dublin] Copy file 'fontawesome-webfont.woff'
[13-Sep-2022 14:49:47 Europe/Dublin] Copy file 'fontawesome-webfont.woff2'
[13-Sep-2022 14:49:47 Europe/Dublin] Copy file 'glyphicons-halflings-regular.eot'
[13-Sep-2022 14:49:47 Europe/Dublin] Copy file 'glyphicons-halflings-regular.svg'
[13-Sep-2022 14:49:47 Europe/Dublin] Copy file 'glyphicons-halflings-regular.ttf'
[13-Sep-2022 14:49:47 Europe/Dublin] Copy file 'glyphicons-halflings-regular.woff'
[13-Sep-2022 14:49:47 Europe/Dublin] Copy file 'glyphicons-halflings-regular.woff2'
[13-Sep-2022 14:49:47 Europe/Dublin] Copy file 'roboto-v20-vietnamese_latin-ext_latin_greek-ext_greek_cyrillic-ext_cyrillic-300.eot'
[13-Sep-2022 14:49:47 Europe/Dublin] Copy file 'roboto-v20-vietnamese_latin-ext_latin_greek-ext_greek_cyrillic-ext_cyrillic-300.svg'
[13-Sep-2022 14:49:47 Europe/Dublin] Copy file 'roboto-v20-vietnamese_latin-ext_latin_greek-ext_greek_cyrillic-ext_cyrillic-300.ttf'
[13-Sep-2022 14:49:47 Europe/Dublin] Copy file 'roboto-v20-vietnamese_latin-ext_latin_greek-ext_greek_cyrillic-ext_cyrillic-300.woff'
[13-Sep-2022 14:49:47 Europe/Dublin] Copy file 'roboto-v20-vietnamese_latin-ext_latin_greek-ext_greek_cyrillic-ext_cyrillic-300.woff2'
[13-Sep-2022 14:49:47 Europe/Dublin] Copy file 'roboto-v20-vietnamese_latin-ext_latin_greek-ext_greek_cyrillic-ext_cyrillic-700.eot'
[13-Sep-2022 14:49:47 Europe/Dublin] Copy file 'roboto-v20-vietnamese_latin-ext_latin_greek-ext_greek_cyrillic-ext_cyrillic-700.svg'
[13-Sep-2022 14:49:47 Europe/Dublin] Copy file 'roboto-v20-vietnamese_latin-ext_latin_greek-ext_greek_cyrillic-ext_cyrillic-700.ttf'
[13-Sep-2022 14:49:47 Europe/Dublin] Copy file 'roboto-v20-vietnamese_latin-ext_latin_greek-ext_greek_cyrillic-ext_cyrillic-700.woff'
[13-Sep-2022 14:49:47 Europe/Dublin] Copy file 'roboto-v20-vietnamese_latin-ext_latin_greek-ext_greek_cyrillic-ext_cyrillic-700.woff2'
[13-Sep-2022 14:49:47 Europe/Dublin] Copy file 'roboto-v20-vietnamese_latin-ext_latin_greek-ext_greek_cyrillic-ext_cyrillic-regular.eot'
[13-Sep-2022 14:49:47 Europe/Dublin] Copy file 'roboto-v20-vietnamese_latin-ext_latin_greek-ext_greek_cyrillic-ext_cyrillic-regular.svg'
[13-Sep-2022 14:49:47 Europe/Dublin] Copy file 'roboto-v20-vietnamese_latin-ext_latin_greek-ext_greek_cyrillic-ext_cyrillic-regular.ttf'
[13-Sep-2022 14:49:47 Europe/Dublin] Copy file 'roboto-v20-vietnamese_latin-ext_latin_greek-ext_greek_cyrillic-ext_cyrillic-regular.woff'
[13-Sep-2022 14:49:47 Europe/Dublin] Copy file 'roboto-v20-vietnamese_latin-ext_latin_greek-ext_greek_cyrillic-ext_cyrillic-regular.woff2'
[13-Sep-2022 14:49:47 Europe/Dublin] Copy file '/var/www/ccms/usr/fasolutions/xsl/custom/assets/layout-84706/6110ef13cfc2e.png' to '/paligo/tmp/fasolutions/production-63208a73945bc4.93035283/176044-FA_Documentation_for_Q3-html5/out/css/image/corporate-logo.png'
[13-Sep-2022 14:49:47 Europe/Dublin] Copy file '/var/www/ccms/usr/fasolutions/xsl/custom/assets/layout-84706/6110ef0e4aed1.png' to '/paligo/tmp/fasolutions/production-63208a73945bc4.93035283/176044-FA_Documentation_for_Q3-html5/out/css/image/portal-logo.png'
[13-Sep-2022 14:49:47 Europe/Dublin] Copy file '/var/www/ccms/usr/fasolutions/xsl/custom/assets/layout-84706/6053bad8f3438.jpeg' to '/paligo/tmp/fasolutions/production-63208a73945bc4.93035283/176044-FA_Documentation_for_Q3-html5/out/css/image/portal-bg.jpeg'
[13-Sep-2022 14:49:47 Europe/Dublin] Copy file '/var/www/ccms/usr/fasolutions/xsl/custom/assets/layout-84706/631b131377e31.js' to '/paligo/tmp/fasolutions/production-63208a73945bc4.93035283/176044-FA_Documentation_for_Q3-html5/out/js/layout-custom-script.js'
[13-Sep-2022 14:49:47 Europe/Dublin] Copy file '/var/www/ccms/usr/fasolutions/xsl/custom/assets/layout-84706/6054621d703dd.ico' to '/paligo/tmp/fasolutions/production-63208a73945bc4.93035283/176044-FA_Documentation_for_Q3-html5/out/favicon.ico'
[13-Sep-2022 14:49:48 Europe/Dublin] Post build HTML5
[13/Sep/2022 14:49:48 Europe/Dublin] [Info] Transformation: index-en.html -> toc-en.html [63208a7aac5db.toc.xsl]
[13/Sep/2022 14:49:49 Europe/Dublin] [Info] Transformation: preferences---portfolios.html -> preferences---portfolios.html [63208a7aac5db.page.xsl]
[13/Sep/2022 14:49:49 Europe/Dublin] [Info] Transformation: portfolio-window.html -> portfolio-window.html [63208a7aac5db.page.xsl]
[13/Sep/2022 14:49:49 Europe/Dublin] [Info] Transformation: index-en.html -> index-en.html [63208a7aac5db.page.xsl]
[13/Sep/2022 14:49:49 Europe/Dublin] [Info] Algolia search enabled.
[13/Sep/2022 14:49:49 Europe/Dublin] [Info] Updating Algolia index.
[13/Sep/2022 14:49:49 Europe/Dublin] [Info] Generating index page.
[13/Sep/2022 14:49:49 Europe/Dublin] [Info] Transformation: index.manifest -> index.html [63208a7aac5db.index.xsl]
[13/Sep/2022 14:49:50 Europe/Dublin] [Info] # Took 9.349808 seconds to render.
